2025-10-23 20:40:09,408 [INFO] ================================================================================
2025-10-23 20:40:09,408 [INFO] TNF PREDICTIONS WORKFLOW
2025-10-23 20:40:09,408 [INFO] Started: 2025-10-23 20:40:09.408790
2025-10-23 20:40:09,408 [INFO] ================================================================================
2025-10-23 20:40:09,409 [INFO] ✓ All required data files found
2025-10-23 20:40:09,409 [INFO] Starting: HRM Beast Model
2025-10-23 20:40:09,409 [INFO] Command: python referee_style_analysis_hr.py --hrm --no-train --int8
2025-10-23 20:40:13,900 [ERROR] ✗ HRM Beast Model failed
2025-10-23 20:40:13,900 [ERROR] Return code: 1
2025-10-23 20:40:13,901 [ERROR] STDERR:
Traceback (most recent call last):
  File "/home/ryan/code/football_betting_system/referee_style_analysis_hr.py", line 446, in <module>
    run_pipeline(args)
  File "/home/ryan/code/football_betting_system/referee_style_analysis_hr.py", line 410, in run_pipeline
    mean, std = load_checkpoint(model, CHECKPOINT_PATH, device)
                ^^^^^^^^^^^^^^^^^^^^^^^^^^^^^^^^^^^^^^^^^^^^^^^
  File "/home/ryan/code/football_betting_system/referee_style_analysis_hr.py", line 376, in load_checkpoint
    model.load_state_dict(payload["state"])
  File "/home/ryan/code/football_betting_system/.venv/lib/python3.12/site-packages/torch/nn/modules/module.py", line 2629, in load_state_dict
    raise RuntimeError(
RuntimeError: Error(s) in loading state_dict for HRMComposite:
	size mismatch for h_module.fc1.weight: copying a param with shape torch.Size([64, 32]) from checkpoint, the shape in current model is torch.Size([64, 31]).
	size mismatch for h_module.fc3.weight: copying a param with shape torch.Size([5, 32]) from checkpoint, the shape in current model is torch.Size([4, 32]).
	size mismatch for h_module.fc3.bias: copying a param with shape torch.Size([5]) from checkpoint, the shape in current model is torch.Size([4]).
	size mismatch for l_module.fc1.weight: copying a param with shape torch.Size([64, 37]) from checkpoint, the shape in current model is torch.Size([64, 35]).

2025-10-23 20:40:13,901 [ERROR] Beast model failed, aborting workflow
2025-10-23 20:40:19,907 [INFO] ================================================================================
2025-10-23 20:40:19,907 [INFO] TNF PREDICTIONS WORKFLOW
2025-10-23 20:40:19,907 [INFO] Started: 2025-10-23 20:40:19.907399
2025-10-23 20:40:19,907 [INFO] ================================================================================
2025-10-23 20:40:19,907 [INFO] ✓ All required data files found
2025-10-23 20:40:19,907 [INFO] Starting: HRM Beast Model
2025-10-23 20:40:19,907 [INFO] Command: python referee_style_analysis_hr.py --hrm --train --epochs 3 --int8
2025-10-23 20:40:22,658 [ERROR] ✗ HRM Beast Model failed
2025-10-23 20:40:22,659 [ERROR] Return code: 1
2025-10-23 20:40:22,659 [ERROR] STDERR:
Traceback (most recent call last):
  File "/home/ryan/code/football_betting_system/referee_style_analysis_hr.py", line 446, in <module>
    run_pipeline(args)
  File "/home/ryan/code/football_betting_system/referee_style_analysis_hr.py", line 410, in run_pipeline
    mean, std = load_checkpoint(model, CHECKPOINT_PATH, device)
                ^^^^^^^^^^^^^^^^^^^^^^^^^^^^^^^^^^^^^^^^^^^^^^^
  File "/home/ryan/code/football_betting_system/referee_style_analysis_hr.py", line 376, in load_checkpoint
    model.load_state_dict(payload["state"])
  File "/home/ryan/code/football_betting_system/.venv/lib/python3.12/site-packages/torch/nn/modules/module.py", line 2629, in load_state_dict
    raise RuntimeError(
RuntimeError: Error(s) in loading state_dict for HRMComposite:
	size mismatch for h_module.fc1.weight: copying a param with shape torch.Size([64, 32]) from checkpoint, the shape in current model is torch.Size([64, 31]).
	size mismatch for h_module.fc3.weight: copying a param with shape torch.Size([5, 32]) from checkpoint, the shape in current model is torch.Size([4, 32]).
	size mismatch for h_module.fc3.bias: copying a param with shape torch.Size([5]) from checkpoint, the shape in current model is torch.Size([4]).
	size mismatch for l_module.fc1.weight: copying a param with shape torch.Size([64, 37]) from checkpoint, the shape in current model is torch.Size([64, 35]).

2025-10-23 20:40:22,659 [ERROR] Beast model failed, aborting workflow
2025-10-23 20:40:38,480 [INFO] ================================================================================
2025-10-23 20:40:38,480 [INFO] TNF PREDICTIONS WORKFLOW
2025-10-23 20:40:38,480 [INFO] Started: 2025-10-23 20:40:38.480464
2025-10-23 20:40:38,480 [INFO] ================================================================================
2025-10-23 20:40:38,480 [INFO] ✓ All required data files found
2025-10-23 20:40:38,480 [INFO] Starting: HRM Beast Model
2025-10-23 20:40:38,480 [INFO] Command: python referee_style_analysis_hr.py --hrm --train --epochs 3 --int8
2025-10-23 20:40:44,384 [INFO] ✓ HRM Beast Model completed successfully
2025-10-23 20:40:44,384 [INFO] Starting: HRM Sniper Model
2025-10-23 20:40:44,384 [INFO] Command: python hrm_sniper.py
2025-10-23 20:40:45,260 [INFO] ✓ HRM Sniper Model completed successfully
2025-10-23 20:40:45,260 [INFO] Starting: Conspiracy Bot
2025-10-23 20:40:45,260 [INFO] Command: python conspiracy_bot.py
2025-10-23 20:40:45,957 [INFO] ✓ Conspiracy Bot completed successfully
2025-10-23 20:40:45,957 [INFO] Starting: Fusion Layer
2025-10-23 20:40:45,957 [INFO] Command: python fuse_hr.py
2025-10-23 20:40:46,268 [INFO] ✓ Fusion Layer completed successfully
2025-10-23 20:40:46,304 [INFO] ================================================================================
2025-10-23 20:40:46,304 [INFO] THURSDAY NIGHT FOOTBALL PREDICTIONS
2025-10-23 20:40:46,304 [INFO] ================================================================================
2025-10-23 20:40:46,306 [INFO] 
Game: 999
2025-10-23 20:40:46,306 [INFO]   Script Type: NORMAL_FLOW
2025-10-23 20:40:46,306 [INFO]   Under Probability: N/A
2025-10-23 20:40:46,306 [INFO]   Source Model: N/A
2025-10-23 20:40:46,306 [INFO]   Beast Confidence: N/A
2025-10-23 20:40:46,306 [INFO]   Sniper Confidence: N/A
2025-10-23 20:40:46,306 [INFO] 
Game: 998
2025-10-23 20:40:46,306 [INFO]   Script Type: NORMAL_FLOW
2025-10-23 20:40:46,306 [INFO]   Under Probability: N/A
2025-10-23 20:40:46,306 [INFO]   Source Model: N/A
2025-10-23 20:40:46,306 [INFO]   Beast Confidence: N/A
2025-10-23 20:40:46,306 [INFO]   Sniper Confidence: N/A
2025-10-23 20:40:46,306 [INFO] 
Game: 997
2025-10-23 20:40:46,306 [INFO]   Script Type: NORMAL_FLOW
2025-10-23 20:40:46,306 [INFO]   Under Probability: N/A
2025-10-23 20:40:46,306 [INFO]   Source Model: N/A
2025-10-23 20:40:46,306 [INFO]   Beast Confidence: N/A
2025-10-23 20:40:46,306 [INFO]   Sniper Confidence: N/A
2025-10-23 20:40:46,306 [INFO] 
Game: 996
2025-10-23 20:40:46,307 [INFO]   Script Type: NORMAL_FLOW
2025-10-23 20:40:46,307 [INFO]   Under Probability: N/A
2025-10-23 20:40:46,307 [INFO]   Source Model: N/A
2025-10-23 20:40:46,307 [INFO]   Beast Confidence: N/A
2025-10-23 20:40:46,307 [INFO]   Sniper Confidence: N/A
2025-10-23 20:40:46,307 [INFO] 
Game: 995
2025-10-23 20:40:46,307 [INFO]   Script Type: NORMAL_FLOW
2025-10-23 20:40:46,307 [INFO]   Under Probability: N/A
2025-10-23 20:40:46,307 [INFO]   Source Model: N/A
2025-10-23 20:40:46,307 [INFO]   Beast Confidence: N/A
2025-10-23 20:40:46,307 [INFO]   Sniper Confidence: N/A
2025-10-23 20:40:46,307 [INFO] ================================================================================
2025-10-23 20:40:46,317 [INFO] Archived: 20251023_204046_hrm_predictions.json
2025-10-23 20:40:46,318 [INFO] Archived: 20251023_204046_sniper_predictions.json
2025-10-23 20:40:46,319 [INFO] Archived: 20251023_204046_conspiracy_predictions.json
2025-10-23 20:40:46,322 [INFO] Archived: 20251023_204046_fused_hr_predictions.json
2025-10-23 20:40:46,322 [INFO] ================================================================================
2025-10-23 20:40:46,323 [INFO] Workflow completed: 2025-10-23 20:40:46.323026
2025-10-23 20:40:46,323 [INFO] ================================================================================
2025-10-23 21:16:31,877 [INFO] ================================================================================
2025-10-23 21:16:31,877 [INFO] TNF PREDICTIONS WORKFLOW
2025-10-23 21:16:31,878 [INFO] Started: 2025-10-23 21:16:31.878043
2025-10-23 21:16:31,878 [INFO] ================================================================================
2025-10-23 21:16:31,878 [INFO] ✓ All required data files found
2025-10-23 21:16:31,878 [INFO] Starting: Live Odds Fetch
2025-10-23 21:16:31,878 [INFO] Command: python fetch_tonight_odds.py
2025-10-23 21:16:32,116 [INFO] ✓ Live Odds Fetch completed successfully
2025-10-23 21:16:32,116 [INFO] Starting: HRM Beast Model
2025-10-23 21:16:32,117 [INFO] Command: python referee_style_analysis_hr.py --hrm --no-train --int8
2025-10-23 21:16:37,099 [INFO] ✓ HRM Beast Model completed successfully
2025-10-23 21:16:37,100 [INFO] Starting: HRM Sniper Model
2025-10-23 21:16:37,100 [INFO] Command: python hrm_sniper.py
2025-10-23 21:16:38,078 [INFO] ✓ HRM Sniper Model completed successfully
2025-10-23 21:16:38,078 [INFO] Starting: Conspiracy Bot
2025-10-23 21:16:38,078 [INFO] Command: python conspiracy_bot.py
2025-10-23 21:16:38,803 [INFO] ✓ Conspiracy Bot completed successfully
2025-10-23 21:16:38,803 [INFO] Starting: Fusion Layer
2025-10-23 21:16:38,803 [INFO] Command: python fuse_hr.py
2025-10-23 21:16:39,022 [INFO] ✓ Fusion Layer completed successfully
2025-10-23 21:16:39,055 [INFO] ================================================================================
2025-10-23 21:16:39,055 [INFO] THURSDAY NIGHT FOOTBALL PREDICTIONS
2025-10-23 21:16:39,055 [INFO] ================================================================================
2025-10-23 21:16:39,057 [INFO] 
Game: 999
2025-10-23 21:16:39,057 [INFO]   Script Type: NORMAL_FLOW
2025-10-23 21:16:39,057 [INFO]   Under Probability: N/A
2025-10-23 21:16:39,057 [INFO]   Source Model: N/A
2025-10-23 21:16:39,057 [INFO]   Beast Confidence: N/A
2025-10-23 21:16:39,057 [INFO]   Sniper Confidence: N/A
2025-10-23 21:16:39,057 [INFO] 
Game: 998
2025-10-23 21:16:39,057 [INFO]   Script Type: NORMAL_FLOW
2025-10-23 21:16:39,057 [INFO]   Under Probability: N/A
2025-10-23 21:16:39,057 [INFO]   Source Model: N/A
2025-10-23 21:16:39,057 [INFO]   Beast Confidence: N/A
2025-10-23 21:16:39,057 [INFO]   Sniper Confidence: N/A
2025-10-23 21:16:39,057 [INFO] 
Game: 997
2025-10-23 21:16:39,057 [INFO]   Script Type: NORMAL_FLOW
2025-10-23 21:16:39,057 [INFO]   Under Probability: N/A
2025-10-23 21:16:39,057 [INFO]   Source Model: N/A
2025-10-23 21:16:39,057 [INFO]   Beast Confidence: N/A
2025-10-23 21:16:39,057 [INFO]   Sniper Confidence: N/A
2025-10-23 21:16:39,057 [INFO] 
Game: 996
2025-10-23 21:16:39,057 [INFO]   Script Type: NORMAL_FLOW
2025-10-23 21:16:39,057 [INFO]   Under Probability: N/A
2025-10-23 21:16:39,057 [INFO]   Source Model: N/A
2025-10-23 21:16:39,057 [INFO]   Beast Confidence: N/A
2025-10-23 21:16:39,057 [INFO]   Sniper Confidence: N/A
2025-10-23 21:16:39,057 [INFO] 
Game: 995
2025-10-23 21:16:39,057 [INFO]   Script Type: NORMAL_FLOW
2025-10-23 21:16:39,057 [INFO]   Under Probability: N/A
2025-10-23 21:16:39,057 [INFO]   Source Model: N/A
2025-10-23 21:16:39,057 [INFO]   Beast Confidence: N/A
2025-10-23 21:16:39,057 [INFO]   Sniper Confidence: N/A
2025-10-23 21:16:39,057 [INFO] ================================================================================
2025-10-23 21:16:39,063 [INFO] Archived: 20251023_211639_hrm_predictions.json
2025-10-23 21:16:39,064 [INFO] Archived: 20251023_211639_sniper_predictions.json
2025-10-23 21:16:39,064 [INFO] Archived: 20251023_211639_conspiracy_predictions.json
2025-10-23 21:16:39,068 [INFO] Archived: 20251023_211639_fused_hr_predictions.json
2025-10-23 21:16:39,068 [INFO] ================================================================================
2025-10-23 21:16:39,068 [INFO] Workflow completed: 2025-10-23 21:16:39.068287
2025-10-23 21:16:39,068 [INFO] ================================================================================
2025-10-23 21:17:44,977 [INFO] ================================================================================
2025-10-23 21:17:44,978 [INFO] TNF PREDICTIONS WORKFLOW
2025-10-23 21:17:44,978 [INFO] Started: 2025-10-23 21:17:44.978888
2025-10-23 21:17:44,978 [INFO] ================================================================================
2025-10-23 21:17:44,979 [INFO] ✓ All required data files found
2025-10-23 21:17:44,979 [INFO] Starting: Live Odds Fetch
2025-10-23 21:17:44,979 [INFO] Command: python fetch_tonight_odds.py
2025-10-23 21:17:45,220 [INFO] ✓ Live Odds Fetch completed successfully
2025-10-23 21:17:45,220 [INFO] Starting: HRM Beast Model
2025-10-23 21:17:45,220 [INFO] Command: python referee_style_analysis_hr.py --hrm --no-train --int8
2025-10-23 21:17:48,759 [ERROR] ✗ HRM Beast Model failed
2025-10-23 21:17:48,759 [ERROR] Return code: 1
2025-10-23 21:17:48,759 [ERROR] STDERR:
Traceback (most recent call last):
  File "/home/ryan/code/football_betting_system/.venv/lib/python3.12/site-packages/pandas/core/indexes/base.py", line 3812, in get_loc
    return self._engine.get_loc(casted_key)
           ^^^^^^^^^^^^^^^^^^^^^^^^^^^^^^^^
  File "pandas/_libs/index.pyx", line 167, in pandas._libs.index.IndexEngine.get_loc
  File "pandas/_libs/index.pyx", line 196, in pandas._libs.index.IndexEngine.get_loc
  File "pandas/_libs/hashtable_class_helper.pxi", line 7088, in pandas._libs.hashtable.PyObjectHashTable.get_item
  File "pandas/_libs/hashtable_class_helper.pxi", line 7096, in pandas._libs.hashtable.PyObjectHashTable.get_item
KeyError: 'defensive_rate'

The above exception was the direct cause of the following exception:

Traceback (most recent call last):
  File "/home/ryan/code/football_betting_system/referee_style_analysis_hr.py", line 446, in <module>
    run_pipeline(args)
  File "/home/ryan/code/football_betting_system/referee_style_analysis_hr.py", line 405, in run_pipeline
    records, features, high_targets, low_targets = build_records()
                                                   ^^^^^^^^^^^^^^^
  File "/home/ryan/code/football_betting_system/referee_style_analysis_hr.py", line 220, in build_records
    df = build_dataframe()
         ^^^^^^^^^^^^^^^^^
  File "/home/ryan/code/football_betting_system/referee_style_analysis_hr.py", line 205, in build_dataframe
    data["defensive_rate"] = data["defensive_rate"].fillna(0.5)
                             ~~~~^^^^^^^^^^^^^^^^^^
  File "/home/ryan/code/football_betting_system/.venv/lib/python3.12/site-packages/pandas/core/frame.py", line 4113, in __getitem__
    indexer = self.columns.get_loc(key)
              ^^^^^^^^^^^^^^^^^^^^^^^^^
  File "/home/ryan/code/football_betting_system/.venv/lib/python3.12/site-packages/pandas/core/indexes/base.py", line 3819, in get_loc
    raise KeyError(key) from err
KeyError: 'defensive_rate'

2025-10-23 21:17:48,759 [ERROR] Beast model failed, aborting workflow
2025-10-23 21:18:18,108 [INFO] ================================================================================
2025-10-23 21:18:18,109 [INFO] TNF PREDICTIONS WORKFLOW
2025-10-23 21:18:18,109 [INFO] Started: 2025-10-23 21:18:18.109102
2025-10-23 21:18:18,109 [INFO] ================================================================================
2025-10-23 21:18:18,109 [INFO] ✓ All required data files found
2025-10-23 21:18:18,109 [INFO] Starting: Live Odds Fetch
2025-10-23 21:18:18,109 [INFO] Command: python fetch_tonight_odds.py
2025-10-23 21:18:18,365 [INFO] ✓ Live Odds Fetch completed successfully
2025-10-23 21:18:18,365 [INFO] Starting: HRM Beast Model
2025-10-23 21:18:18,365 [INFO] Command: python referee_style_analysis_hr.py --hrm --no-train --int8
2025-10-23 21:18:21,042 [ERROR] ✗ HRM Beast Model failed
2025-10-23 21:18:21,042 [ERROR] Return code: 1
2025-10-23 21:18:21,042 [ERROR] STDERR:
Traceback (most recent call last):
  File "/home/ryan/code/football_betting_system/.venv/lib/python3.12/site-packages/pandas/core/indexes/base.py", line 3812, in get_loc
    return self._engine.get_loc(casted_key)
           ^^^^^^^^^^^^^^^^^^^^^^^^^^^^^^^^
  File "pandas/_libs/index.pyx", line 167, in pandas._libs.index.IndexEngine.get_loc
  File "pandas/_libs/index.pyx", line 196, in pandas._libs.index.IndexEngine.get_loc
  File "pandas/_libs/hashtable_class_helper.pxi", line 7088, in pandas._libs.hashtable.PyObjectHashTable.get_item
  File "pandas/_libs/hashtable_class_helper.pxi", line 7096, in pandas._libs.hashtable.PyObjectHashTable.get_item
KeyError: 'defensive_rate'

The above exception was the direct cause of the following exception:

Traceback (most recent call last):
  File "/home/ryan/code/football_betting_system/referee_style_analysis_hr.py", line 446, in <module>
    run_pipeline(args)
  File "/home/ryan/code/football_betting_system/referee_style_analysis_hr.py", line 405, in run_pipeline
    records, features, high_targets, low_targets = build_records()
                                                   ^^^^^^^^^^^^^^^
  File "/home/ryan/code/football_betting_system/referee_style_analysis_hr.py", line 220, in build_records
    df = build_dataframe()
         ^^^^^^^^^^^^^^^^^
  File "/home/ryan/code/football_betting_system/referee_style_analysis_hr.py", line 205, in build_dataframe
    data["defensive_rate"] = data["defensive_rate"].fillna(0.5)
                             ~~~~^^^^^^^^^^^^^^^^^^
  File "/home/ryan/code/football_betting_system/.venv/lib/python3.12/site-packages/pandas/core/frame.py", line 4113, in __getitem__
    indexer = self.columns.get_loc(key)
              ^^^^^^^^^^^^^^^^^^^^^^^^^
  File "/home/ryan/code/football_betting_system/.venv/lib/python3.12/site-packages/pandas/core/indexes/base.py", line 3819, in get_loc
    raise KeyError(key) from err
KeyError: 'defensive_rate'

2025-10-23 21:18:21,042 [ERROR] Beast model failed, aborting workflow
2025-10-23 21:19:14,569 [INFO] ================================================================================
2025-10-23 21:19:14,570 [INFO] TNF PREDICTIONS WORKFLOW
2025-10-23 21:19:14,570 [INFO] Started: 2025-10-23 21:19:14.570164
2025-10-23 21:19:14,570 [INFO] ================================================================================
2025-10-23 21:19:14,570 [INFO] ✓ All required data files found
2025-10-23 21:19:14,570 [INFO] Starting: Live Odds Fetch
2025-10-23 21:19:14,570 [INFO] Command: python fetch_tonight_odds.py
2025-10-23 21:19:14,826 [INFO] ✓ Live Odds Fetch completed successfully
2025-10-23 21:19:14,826 [INFO] Starting: HRM Beast Model
2025-10-23 21:19:14,827 [INFO] Command: python referee_style_analysis_hr.py --hrm --no-train --int8
2025-10-23 21:19:17,072 [ERROR] ✗ HRM Beast Model failed
2025-10-23 21:19:17,072 [ERROR] Return code: 1
2025-10-23 21:19:17,072 [ERROR] STDERR:
Traceback (most recent call last):
  File "/home/ryan/code/football_betting_system/.venv/lib/python3.12/site-packages/pandas/core/indexes/base.py", line 3812, in get_loc
    return self._engine.get_loc(casted_key)
           ^^^^^^^^^^^^^^^^^^^^^^^^^^^^^^^^
  File "pandas/_libs/index.pyx", line 167, in pandas._libs.index.IndexEngine.get_loc
  File "pandas/_libs/index.pyx", line 196, in pandas._libs.index.IndexEngine.get_loc
  File "pandas/_libs/hashtable_class_helper.pxi", line 7088, in pandas._libs.hashtable.PyObjectHashTable.get_item
  File "pandas/_libs/hashtable_class_helper.pxi", line 7096, in pandas._libs.hashtable.PyObjectHashTable.get_item
KeyError: 'under_odds'

The above exception was the direct cause of the following exception:

Traceback (most recent call last):
  File "/home/ryan/code/football_betting_system/referee_style_analysis_hr.py", line 452, in <module>
    run_pipeline(args)
  File "/home/ryan/code/football_betting_system/referee_style_analysis_hr.py", line 411, in run_pipeline
    records, features, high_targets, low_targets = build_records()
                                                   ^^^^^^^^^^^^^^^
  File "/home/ryan/code/football_betting_system/referee_style_analysis_hr.py", line 226, in build_records
    df = build_dataframe()
         ^^^^^^^^^^^^^^^^^
  File "/home/ryan/code/football_betting_system/referee_style_analysis_hr.py", line 220, in build_dataframe
    data["under_odds"] = data["under_odds"].fillna(-110.0)
                         ~~~~^^^^^^^^^^^^^^
  File "/home/ryan/code/football_betting_system/.venv/lib/python3.12/site-packages/pandas/core/frame.py", line 4113, in __getitem__
    indexer = self.columns.get_loc(key)
              ^^^^^^^^^^^^^^^^^^^^^^^^^
  File "/home/ryan/code/football_betting_system/.venv/lib/python3.12/site-packages/pandas/core/indexes/base.py", line 3819, in get_loc
    raise KeyError(key) from err
KeyError: 'under_odds'

2025-10-23 21:19:17,072 [ERROR] Beast model failed, aborting workflow
2025-10-23 21:19:23,546 [INFO] ================================================================================
2025-10-23 21:19:23,546 [INFO] TNF PREDICTIONS WORKFLOW
2025-10-23 21:19:23,546 [INFO] Started: 2025-10-23 21:19:23.546365
2025-10-23 21:19:23,546 [INFO] ================================================================================
2025-10-23 21:19:23,546 [INFO] ✓ All required data files found
2025-10-23 21:19:23,547 [INFO] Starting: Live Odds Fetch
2025-10-23 21:19:23,547 [INFO] Command: python fetch_tonight_odds.py
2025-10-23 21:19:23,773 [INFO] ✓ Live Odds Fetch completed successfully
2025-10-23 21:19:23,773 [INFO] Starting: HRM Beast Model
2025-10-23 21:19:23,773 [INFO] Command: python referee_style_analysis_hr.py --hrm --no-train --int8
2025-10-23 21:19:26,299 [ERROR] ✗ HRM Beast Model failed
2025-10-23 21:19:26,299 [ERROR] Return code: 1
2025-10-23 21:19:26,299 [ERROR] STDERR:
Traceback (most recent call last):
  File "/home/ryan/code/football_betting_system/.venv/lib/python3.12/site-packages/pandas/core/indexes/base.py", line 3812, in get_loc
    return self._engine.get_loc(casted_key)
           ^^^^^^^^^^^^^^^^^^^^^^^^^^^^^^^^
  File "pandas/_libs/index.pyx", line 167, in pandas._libs.index.IndexEngine.get_loc
  File "pandas/_libs/index.pyx", line 196, in pandas._libs.index.IndexEngine.get_loc
  File "pandas/_libs/hashtable_class_helper.pxi", line 7088, in pandas._libs.hashtable.PyObjectHashTable.get_item
  File "pandas/_libs/hashtable_class_helper.pxi", line 7096, in pandas._libs.hashtable.PyObjectHashTable.get_item
KeyError: 'under_odds'

The above exception was the direct cause of the following exception:

Traceback (most recent call last):
  File "/home/ryan/code/football_betting_system/referee_style_analysis_hr.py", line 452, in <module>
    run_pipeline(args)
  File "/home/ryan/code/football_betting_system/referee_style_analysis_hr.py", line 411, in run_pipeline
    records, features, high_targets, low_targets = build_records()
                                                   ^^^^^^^^^^^^^^^
  File "/home/ryan/code/football_betting_system/referee_style_analysis_hr.py", line 226, in build_records
    df = build_dataframe()
         ^^^^^^^^^^^^^^^^^
  File "/home/ryan/code/football_betting_system/referee_style_analysis_hr.py", line 220, in build_dataframe
    data["under_odds"] = data["under_odds"].fillna(-110.0)
                         ~~~~^^^^^^^^^^^^^^
  File "/home/ryan/code/football_betting_system/.venv/lib/python3.12/site-packages/pandas/core/frame.py", line 4113, in __getitem__
    indexer = self.columns.get_loc(key)
              ^^^^^^^^^^^^^^^^^^^^^^^^^
  File "/home/ryan/code/football_betting_system/.venv/lib/python3.12/site-packages/pandas/core/indexes/base.py", line 3819, in get_loc
    raise KeyError(key) from err
KeyError: 'under_odds'

2025-10-23 21:19:26,300 [ERROR] Beast model failed, aborting workflow
2025-10-23 21:19:55,651 [INFO] ================================================================================
2025-10-23 21:19:55,652 [INFO] TNF PREDICTIONS WORKFLOW
2025-10-23 21:19:55,652 [INFO] Started: 2025-10-23 21:19:55.652362
2025-10-23 21:19:55,652 [INFO] ================================================================================
2025-10-23 21:19:55,652 [INFO] ✓ All required data files found
2025-10-23 21:19:55,652 [INFO] Starting: Live Odds Fetch
2025-10-23 21:19:55,652 [INFO] Command: python fetch_tonight_odds.py
2025-10-23 21:19:55,896 [INFO] ✓ Live Odds Fetch completed successfully
2025-10-23 21:19:55,896 [INFO] Starting: HRM Beast Model
2025-10-23 21:19:55,896 [INFO] Command: python referee_style_analysis_hr.py --hrm --no-train --int8
2025-10-23 21:19:59,271 [INFO] ✓ HRM Beast Model completed successfully
2025-10-23 21:19:59,271 [INFO] Starting: HRM Sniper Model
2025-10-23 21:19:59,271 [INFO] Command: python hrm_sniper.py
2025-10-23 21:20:00,185 [INFO] ✓ HRM Sniper Model completed successfully
2025-10-23 21:20:00,185 [INFO] Starting: Conspiracy Bot
2025-10-23 21:20:00,185 [INFO] Command: python conspiracy_bot.py
2025-10-23 21:20:00,755 [INFO] ✓ Conspiracy Bot completed successfully
2025-10-23 21:20:00,755 [INFO] Starting: Fusion Layer
2025-10-23 21:20:00,755 [INFO] Command: python fuse_hr.py
2025-10-23 21:20:00,953 [INFO] ✓ Fusion Layer completed successfully
2025-10-23 21:20:00,983 [INFO] ================================================================================
2025-10-23 21:20:00,983 [INFO] THURSDAY NIGHT FOOTBALL PREDICTIONS
2025-10-23 21:20:00,983 [INFO] ================================================================================
2025-10-23 21:20:00,985 [INFO] 
Game: 999
2025-10-23 21:20:00,985 [INFO]   Script Type: NORMAL_FLOW
2025-10-23 21:20:00,985 [INFO]   Under Probability: N/A
2025-10-23 21:20:00,985 [INFO]   Source Model: N/A
2025-10-23 21:20:00,985 [INFO]   Beast Confidence: N/A
2025-10-23 21:20:00,985 [INFO]   Sniper Confidence: N/A
2025-10-23 21:20:00,985 [INFO] 
Game: 998
2025-10-23 21:20:00,985 [INFO]   Script Type: NORMAL_FLOW
2025-10-23 21:20:00,985 [INFO]   Under Probability: N/A
2025-10-23 21:20:00,985 [INFO]   Source Model: N/A
2025-10-23 21:20:00,985 [INFO]   Beast Confidence: N/A
2025-10-23 21:20:00,985 [INFO]   Sniper Confidence: N/A
2025-10-23 21:20:00,985 [INFO] 
Game: 997
2025-10-23 21:20:00,985 [INFO]   Script Type: NORMAL_FLOW
2025-10-23 21:20:00,985 [INFO]   Under Probability: N/A
2025-10-23 21:20:00,985 [INFO]   Source Model: N/A
2025-10-23 21:20:00,985 [INFO]   Beast Confidence: N/A
2025-10-23 21:20:00,985 [INFO]   Sniper Confidence: N/A
2025-10-23 21:20:00,985 [INFO] 
Game: 996
2025-10-23 21:20:00,985 [INFO]   Script Type: NORMAL_FLOW
2025-10-23 21:20:00,985 [INFO]   Under Probability: N/A
2025-10-23 21:20:00,985 [INFO]   Source Model: N/A
2025-10-23 21:20:00,985 [INFO]   Beast Confidence: N/A
2025-10-23 21:20:00,985 [INFO]   Sniper Confidence: N/A
2025-10-23 21:20:00,985 [INFO] 
Game: 995
2025-10-23 21:20:00,985 [INFO]   Script Type: NORMAL_FLOW
2025-10-23 21:20:00,985 [INFO]   Under Probability: N/A
2025-10-23 21:20:00,985 [INFO]   Source Model: N/A
2025-10-23 21:20:00,985 [INFO]   Beast Confidence: N/A
2025-10-23 21:20:00,985 [INFO]   Sniper Confidence: N/A
2025-10-23 21:20:00,985 [INFO] ================================================================================
2025-10-23 21:20:00,989 [INFO] ================================================================================
2025-10-23 21:20:00,990 [INFO] Workflow completed: 2025-10-23 21:20:00.989999
2025-10-23 21:20:00,990 [INFO] ================================================================================
2025-10-23 21:27:49,991 [INFO] ================================================================================
2025-10-23 21:27:49,992 [INFO] TNF PREDICTIONS WORKFLOW
2025-10-23 21:27:49,992 [INFO] Started: 2025-10-23 21:27:49.992244
2025-10-23 21:27:49,992 [INFO] ================================================================================
2025-10-23 21:27:49,992 [INFO] ✓ All required data files found
2025-10-23 21:27:49,992 [INFO] Starting: Live Odds Fetch
2025-10-23 21:27:49,992 [INFO] Command: python fetch_tonight_odds.py
2025-10-23 21:27:50,215 [INFO] ✓ Live Odds Fetch completed successfully
2025-10-23 21:27:50,215 [INFO] Starting: HRM Beast Model
2025-10-23 21:27:50,216 [INFO] Command: python referee_style_analysis_hr.py --hrm --no-train --int8
2025-10-23 21:27:54,470 [INFO] ✓ HRM Beast Model completed successfully
2025-10-23 21:27:54,470 [INFO] Starting: HRM Sniper Model
2025-10-23 21:27:54,470 [INFO] Command: python hrm_sniper.py
2025-10-23 21:27:55,212 [INFO] ✓ HRM Sniper Model completed successfully
2025-10-23 21:27:55,212 [INFO] Starting: Conspiracy Bot
2025-10-23 21:27:55,212 [INFO] Command: python conspiracy_bot.py
2025-10-23 21:28:23,451 [INFO] ================================================================================
2025-10-23 21:28:23,451 [INFO] TNF PREDICTIONS WORKFLOW
2025-10-23 21:28:23,451 [INFO] Started: 2025-10-23 21:28:23.451319
2025-10-23 21:28:23,451 [INFO] ================================================================================
2025-10-23 21:28:23,451 [INFO] ✓ All required data files found
2025-10-23 21:28:23,451 [INFO] Starting: Live Odds Fetch
2025-10-23 21:28:23,451 [INFO] Command: python fetch_tonight_odds.py
2025-10-23 21:28:23,733 [INFO] ✓ Live Odds Fetch completed successfully
2025-10-23 21:28:23,733 [INFO] Starting: HRM Beast Model
2025-10-23 21:28:23,733 [INFO] Command: python referee_style_analysis_hr.py --hrm --no-train --int8
2025-10-23 21:28:26,294 [INFO] ✓ HRM Beast Model completed successfully
2025-10-23 21:28:26,294 [INFO] Starting: HRM Sniper Model
2025-10-23 21:28:26,294 [INFO] Command: python hrm_sniper.py
2025-10-23 21:28:26,991 [INFO] ✓ HRM Sniper Model completed successfully
2025-10-23 21:28:26,991 [INFO] Starting: Conspiracy Bot
2025-10-23 21:28:26,991 [INFO] Command: python conspiracy_bot.py
2025-10-23 21:30:09,958 [INFO] ✓ Conspiracy Bot completed successfully
2025-10-23 21:30:09,959 [INFO] Starting: Fusion Layer
2025-10-23 21:30:09,959 [INFO] Command: python fuse_hr.py
2025-10-23 21:30:10,205 [INFO] ✓ Fusion Layer completed successfully
2025-10-23 21:30:10,237 [INFO] ================================================================================
2025-10-23 21:30:10,237 [INFO] THURSDAY NIGHT FOOTBALL PREDICTIONS
2025-10-23 21:30:10,237 [INFO] ================================================================================
2025-10-23 21:30:10,238 [INFO] 
Game: 999
2025-10-23 21:30:10,238 [INFO]   Script Type: NORMAL_FLOW
2025-10-23 21:30:10,238 [INFO]   Under Probability: N/A
2025-10-23 21:30:10,238 [INFO]   Source Model: N/A
2025-10-23 21:30:10,239 [INFO]   Beast Confidence: N/A
2025-10-23 21:30:10,239 [INFO]   Sniper Confidence: N/A
2025-10-23 21:30:10,239 [INFO] 
Game: 998
2025-10-23 21:30:10,239 [INFO]   Script Type: NORMAL_FLOW
2025-10-23 21:30:10,239 [INFO]   Under Probability: N/A
2025-10-23 21:30:10,239 [INFO]   Source Model: N/A
2025-10-23 21:30:10,239 [INFO]   Beast Confidence: N/A
2025-10-23 21:30:10,239 [INFO]   Sniper Confidence: N/A
2025-10-23 21:30:10,239 [INFO] 
Game: 997
2025-10-23 21:30:10,239 [INFO]   Script Type: NORMAL_FLOW
2025-10-23 21:30:10,239 [INFO]   Under Probability: N/A
2025-10-23 21:30:10,239 [INFO]   Source Model: N/A
2025-10-23 21:30:10,239 [INFO]   Beast Confidence: N/A
2025-10-23 21:30:10,239 [INFO]   Sniper Confidence: N/A
2025-10-23 21:30:10,239 [INFO] 
Game: 996
2025-10-23 21:30:10,239 [INFO]   Script Type: NORMAL_FLOW
2025-10-23 21:30:10,239 [INFO]   Under Probability: N/A
2025-10-23 21:30:10,239 [INFO]   Source Model: N/A
2025-10-23 21:30:10,239 [INFO]   Beast Confidence: N/A
2025-10-23 21:30:10,239 [INFO]   Sniper Confidence: N/A
2025-10-23 21:30:10,239 [INFO] 
Game: 995
2025-10-23 21:30:10,239 [INFO]   Script Type: NORMAL_FLOW
2025-10-23 21:30:10,239 [INFO]   Under Probability: N/A
2025-10-23 21:30:10,239 [INFO]   Source Model: N/A
2025-10-23 21:30:10,239 [INFO]   Beast Confidence: N/A
2025-10-23 21:30:10,239 [INFO]   Sniper Confidence: N/A
2025-10-23 21:30:10,239 [INFO] ================================================================================
2025-10-23 21:30:10,245 [INFO] Archived: 20251023_213010_hrm_predictions.json
2025-10-23 21:30:10,245 [INFO] Archived: 20251023_213010_sniper_predictions.json
2025-10-23 21:30:10,247 [INFO] Archived: 20251023_213010_conspiracy_predictions.json
2025-10-23 21:30:10,250 [INFO] Archived: 20251023_213010_fused_hr_predictions.json
2025-10-23 21:30:10,250 [INFO] ================================================================================
2025-10-23 21:30:10,250 [INFO] Workflow completed: 2025-10-23 21:30:10.250469
2025-10-23 21:30:10,250 [INFO] ================================================================================
2025-10-24 23:08:29,093 [INFO] ================================================================================
2025-10-24 23:08:29,094 [INFO] TNF PREDICTIONS WORKFLOW
2025-10-24 23:08:29,094 [INFO] Started: 2025-10-24 23:08:29.094472
2025-10-24 23:08:29,094 [INFO] ================================================================================
2025-10-24 23:08:29,094 [INFO] ✓ All required data files found
2025-10-24 23:08:29,094 [INFO] Starting: Live Odds Fetch
2025-10-24 23:08:29,094 [INFO] Command: python fetch_tonight_odds.py
2025-10-24 23:08:29,512 [INFO] ✓ Live Odds Fetch completed successfully
2025-10-24 23:08:29,513 [INFO] Starting: HRM Beast Model
2025-10-24 23:08:29,513 [INFO] Command: python referee_style_analysis_hr.py --hrm --no-train --int8
2025-10-24 23:08:33,761 [INFO] ✓ HRM Beast Model completed successfully
2025-10-24 23:08:33,761 [INFO] Starting: HRM Sniper Model
2025-10-24 23:08:33,761 [INFO] Command: python hrm_sniper.py
2025-10-24 23:08:34,637 [INFO] ✓ HRM Sniper Model completed successfully
2025-10-24 23:08:34,637 [INFO] Starting: Conspiracy Bot
2025-10-24 23:08:34,637 [INFO] Command: python conspiracy_bot.py
2025-10-24 23:10:11,688 [INFO] ✓ Conspiracy Bot completed successfully
2025-10-24 23:10:11,697 [INFO] Starting: Fusion Layer
2025-10-24 23:10:11,697 [INFO] Command: python fuse_hr.py
2025-10-24 23:10:11,893 [INFO] ✓ Fusion Layer completed successfully
2025-10-24 23:10:11,951 [INFO] ================================================================================
2025-10-24 23:10:11,952 [INFO] THURSDAY NIGHT FOOTBALL PREDICTIONS
2025-10-24 23:10:11,952 [INFO] ================================================================================
2025-10-24 23:10:11,953 [INFO] 
Game: 999
2025-10-24 23:10:11,953 [INFO]   Script Type: NORMAL_FLOW
2025-10-24 23:10:11,953 [INFO]   Under Probability: N/A
2025-10-24 23:10:11,953 [INFO]   Source Model: N/A
2025-10-24 23:10:11,953 [INFO]   Beast Confidence: N/A
2025-10-24 23:10:11,953 [INFO]   Sniper Confidence: N/A
2025-10-24 23:10:11,953 [INFO] 
Game: 998
2025-10-24 23:10:11,953 [INFO]   Script Type: NORMAL_FLOW
2025-10-24 23:10:11,953 [INFO]   Under Probability: N/A
2025-10-24 23:10:11,953 [INFO]   Source Model: N/A
2025-10-24 23:10:11,953 [INFO]   Beast Confidence: N/A
2025-10-24 23:10:11,953 [INFO]   Sniper Confidence: N/A
2025-10-24 23:10:11,953 [INFO] 
Game: 997
2025-10-24 23:10:11,953 [INFO]   Script Type: NORMAL_FLOW
2025-10-24 23:10:11,953 [INFO]   Under Probability: N/A
2025-10-24 23:10:11,953 [INFO]   Source Model: N/A
2025-10-24 23:10:11,953 [INFO]   Beast Confidence: N/A
2025-10-24 23:10:11,953 [INFO]   Sniper Confidence: N/A
2025-10-24 23:10:11,953 [INFO] 
Game: 996
2025-10-24 23:10:11,953 [INFO]   Script Type: NORMAL_FLOW
2025-10-24 23:10:11,953 [INFO]   Under Probability: N/A
2025-10-24 23:10:11,953 [INFO]   Source Model: N/A
2025-10-24 23:10:11,953 [INFO]   Beast Confidence: N/A
2025-10-24 23:10:11,953 [INFO]   Sniper Confidence: N/A
2025-10-24 23:10:11,953 [INFO] 
Game: 995
2025-10-24 23:10:11,953 [INFO]   Script Type: NORMAL_FLOW
2025-10-24 23:10:11,953 [INFO]   Under Probability: N/A
2025-10-24 23:10:11,953 [INFO]   Source Model: N/A
2025-10-24 23:10:11,953 [INFO]   Beast Confidence: N/A
2025-10-24 23:10:11,953 [INFO]   Sniper Confidence: N/A
2025-10-24 23:10:11,953 [INFO] ================================================================================
2025-10-24 23:10:11,961 [INFO] Archived: 20251024_231011_hrm_predictions.json
2025-10-24 23:10:11,961 [INFO] Archived: 20251024_231011_sniper_predictions.json
2025-10-24 23:10:11,963 [INFO] Archived: 20251024_231011_conspiracy_predictions.json
2025-10-24 23:10:11,965 [INFO] Archived: 20251024_231011_fused_hr_predictions.json
2025-10-24 23:10:11,966 [INFO] ================================================================================
2025-10-24 23:10:11,966 [INFO] Workflow completed: 2025-10-24 23:10:11.966211
2025-10-24 23:10:11,966 [INFO] ================================================================================
2025-10-24 23:22:02,630 [INFO] ================================================================================
2025-10-24 23:22:02,631 [INFO] TNF PREDICTIONS WORKFLOW
2025-10-24 23:22:02,631 [INFO] Started: 2025-10-24 23:22:02.631338
2025-10-24 23:22:02,631 [INFO] ================================================================================
2025-10-24 23:22:02,631 [INFO] ✓ All required data files found
2025-10-24 23:22:02,631 [INFO] Starting: Live Odds Fetch
2025-10-24 23:22:02,631 [INFO] Command: python fetch_tonight_odds.py
2025-10-24 23:22:02,882 [INFO] ✓ Live Odds Fetch completed successfully
2025-10-24 23:22:02,882 [INFO] Starting: HRM Beast Model
2025-10-24 23:22:02,882 [INFO] Command: python referee_style_analysis_hr.py --hrm --no-train --int8
2025-10-24 23:22:06,837 [INFO] ✓ HRM Beast Model completed successfully
2025-10-24 23:22:06,837 [INFO] Starting: HRM Sniper Model
2025-10-24 23:22:06,837 [INFO] Command: python hrm_sniper.py
2025-10-24 23:22:07,680 [INFO] ✓ HRM Sniper Model completed successfully
2025-10-24 23:22:07,680 [INFO] Starting: Conspiracy Bot
2025-10-24 23:22:07,680 [INFO] Command: python conspiracy_bot.py
2025-10-24 23:23:52,261 [INFO] ✓ Conspiracy Bot completed successfully
2025-10-24 23:23:52,262 [INFO] Starting: Fusion Layer
2025-10-24 23:23:52,262 [INFO] Command: python fuse_hr.py
2025-10-24 23:23:52,495 [INFO] ✓ Fusion Layer completed successfully
2025-10-24 23:23:52,524 [INFO] ================================================================================
2025-10-24 23:23:52,524 [INFO] THURSDAY NIGHT FOOTBALL PREDICTIONS
2025-10-24 23:23:52,524 [INFO] ================================================================================
2025-10-24 23:23:52,525 [INFO] 
Game: 999
2025-10-24 23:23:52,525 [INFO]   Script Type: NORMAL_FLOW
2025-10-24 23:23:52,525 [INFO]   Under Probability: N/A
2025-10-24 23:23:52,525 [INFO]   Source Model: N/A
2025-10-24 23:23:52,525 [INFO]   Beast Confidence: N/A
2025-10-24 23:23:52,525 [INFO]   Sniper Confidence: N/A
2025-10-24 23:23:52,525 [INFO] 
Game: 998
2025-10-24 23:23:52,525 [INFO]   Script Type: NORMAL_FLOW
2025-10-24 23:23:52,525 [INFO]   Under Probability: N/A
2025-10-24 23:23:52,525 [INFO]   Source Model: N/A
2025-10-24 23:23:52,525 [INFO]   Beast Confidence: N/A
2025-10-24 23:23:52,525 [INFO]   Sniper Confidence: N/A
2025-10-24 23:23:52,525 [INFO] 
Game: 997
2025-10-24 23:23:52,525 [INFO]   Script Type: NORMAL_FLOW
2025-10-24 23:23:52,525 [INFO]   Under Probability: N/A
2025-10-24 23:23:52,525 [INFO]   Source Model: N/A
2025-10-24 23:23:52,525 [INFO]   Beast Confidence: N/A
2025-10-24 23:23:52,525 [INFO]   Sniper Confidence: N/A
2025-10-24 23:23:52,525 [INFO] 
Game: 996
2025-10-24 23:23:52,525 [INFO]   Script Type: NORMAL_FLOW
2025-10-24 23:23:52,525 [INFO]   Under Probability: N/A
2025-10-24 23:23:52,525 [INFO]   Source Model: N/A
2025-10-24 23:23:52,525 [INFO]   Beast Confidence: N/A
2025-10-24 23:23:52,525 [INFO]   Sniper Confidence: N/A
2025-10-24 23:23:52,525 [INFO] 
Game: 995
2025-10-24 23:23:52,525 [INFO]   Script Type: NORMAL_FLOW
2025-10-24 23:23:52,525 [INFO]   Under Probability: N/A
2025-10-24 23:23:52,525 [INFO]   Source Model: N/A
2025-10-24 23:23:52,525 [INFO]   Beast Confidence: N/A
2025-10-24 23:23:52,525 [INFO]   Sniper Confidence: N/A
2025-10-24 23:23:52,525 [INFO] ================================================================================
2025-10-24 23:23:52,529 [INFO] ================================================================================
2025-10-24 23:23:52,529 [INFO] Workflow completed: 2025-10-24 23:23:52.529306
2025-10-24 23:23:52,529 [INFO] ================================================================================
